<?xml version="1.0" encoding="UTF-8"?>
<!-- Generated by org.testng.reporters.JUnitReportReporter -->
<testsuite skipped="1" hostname="DESKTOP-V310COA" name="DataDrivernTest.DataDrivenTestNG" tests="1" failures="0" timestamp="2020-04-09T00:12:01 IST" time="0.000" errors="0">
  <testcase name="getValue" time="0.000" classname="DataDrivernTest.DataDrivenTestNG">
    <skipped/>
  </testcase> <!-- getValue -->
  <system-out/>
</testsuite> <!-- DataDrivernTest.DataDrivenTestNG -->
