<?xml version="1.0" encoding="UTF-8"?>
<!-- Generated by org.testng.reporters.JUnitReportReporter -->
<testsuite skipped="0" hostname="DESKTOP-V310COA" name="BatchTestingSdet.banks" tests="5" failures="0" timestamp="2020-04-08T16:13:45 IST" time="0.061" errors="0">
  <testcase name="Bank" time="0.016" classname="BatchTestingSdet.banks"/>
  <system-out/>
  <testcase name="AxisBank" time="0.019" classname="BatchTestingSdet.banks"/>
  <system-out/>
  <testcase name="SBIBank" time="0.012" classname="BatchTestingSdet.banks"/>
  <system-out/>
  <testcase name="ICICBank" time="0.006" classname="BatchTestingSdet.banks"/>
  <system-out/>
  <testcase name="MaharastraBank" time="0.008" classname="BatchTestingSdet.banks"/>
  <system-out/>
</testsuite> <!-- BatchTestingSdet.banks -->
