<?xml version="1.0" encoding="UTF-8"?>
<!-- Generated by org.testng.reporters.JUnitReportReporter -->
<testsuite skipped="0" hostname="DESKTOP-V310COA" name="BatchTestingSdet.Account" tests="4" failures="0" timestamp="2020-04-08T16:13:45 IST" time="0.073" errors="0">
  <testcase name="fbAccount" time="0.009" classname="BatchTestingSdet.Account"/>
  <system-out/>
  <testcase name="WhatAppAccount" time="0.009" classname="BatchTestingSdet.Account"/>
  <system-out/>
  <testcase name="intstaAccount" time="0.012" classname="BatchTestingSdet.Account"/>
  <system-out/>
  <testcase name="TwitterAccount" time="0.043" classname="BatchTestingSdet.Account"/>
  <system-out/>
</testsuite> <!-- BatchTestingSdet.Account -->
