<?xml version="1.0" encoding="UTF-8"?>
<!-- Generated by org.testng.reporters.JUnitReportReporter -->
<testsuite skipped="0" hostname="DESKTOP-V310COA" name="BatchTestingSdet.Test1" tests="4" failures="0" timestamp="2020-04-08T16:28:27 IST" time="0.092" errors="0">
  <testcase name="openBrowser" time="0.010" classname="BatchTestingSdet.Test1"/>
  <system-out/>
  <testcase name="openurl" time="0.015" classname="BatchTestingSdet.Test1"/>
  <system-out/>
  <testcase name="CloseBrowser" time="0.056" classname="BatchTestingSdet.Test1"/>
  <system-out/>
  <testcase name="OpenLink" time="0.011" classname="BatchTestingSdet.Test1"/>
  <system-out/>
</testsuite> <!-- BatchTestingSdet.Test1 -->
