<?xml version="1.0" encoding="UTF-8"?>
<!-- Generated by org.testng.reporters.JUnitReportReporter -->
<testsuite skipped="0" hostname="DESKTOP-V310COA" name="BatchTestingSdet.NewTest" tests="2" failures="0" timestamp="2020-04-08T16:27:24 IST" time="0.073" errors="0">
  <testcase name="emailid" time="0.065" classname="BatchTestingSdet.NewTest"/>
  <system-out/>
  <testcase name="fbid" time="0.008" classname="BatchTestingSdet.NewTest"/>
  <system-out/>
</testsuite> <!-- BatchTestingSdet.NewTest -->
